hostel_admin/build/app/intermediates/manifest_merge_blame_file/debug/manifest-merger-blame-debug-report.txt
1<?xml version="1.0" encoding="utf-8"?>
2<manifest xmlns:android="http://schemas.android.com/apk/res/android"
3    package="com.example.hostel_admin"
4    android:versionCode="1"
5    android:versionName="1.0.0" >
6
7    <uses-sdk
8        android:minSdkVersion="19"
9        android:targetSdkVersion="30" />
10    <!--
11         Flutter needs it to communicate with the running application
12         to allow setting breakpoints, to provide hot reload, etc.
13    -->
14    <uses-permission android:name="android.permission.INTERNET" />
14-->src/debug/AndroidManifest.xml:6:5-66
14-->src/debug/AndroidManifest.xml:6:22-64
15    <uses-permission android:name="android.permission.READ_EXTERNAL_STORAGE" />
15-->[:image_picker] AndroidManifest.xml:7:5-80
15-->[:image_picker] AndroidManifest.xml:7:22-77
16    <uses-permission android:name="android.permission.WRITE_EXTERNAL_STORAGE" />
16-->[:image_picker] AndroidManifest.xml:8:5-81
16-->[:image_picker] AndroidManifest.xml:8:22-78
17
18    <application
18-->src/main/AndroidManifest.xml:3:4-40:19
19        android:appComponentFactory="androidx.core.app.CoreComponentFactory"
19-->[androidx.core:core:1.1.0] AndroidManifest.xml:24:18-86
20        android:debuggable="true"
21        android:icon="@mipmap/ic_launcher"
21-->src/main/AndroidManifest.xml:5:9-43
22        android:label="hostel_admin" >
22-->src/main/AndroidManifest.xml:4:9-37
23        <activity
23-->src/main/AndroidManifest.xml:6:9-34:20
24            android:name="com.example.hostel_admin.MainActivity"
24-->src/main/AndroidManifest.xml:7:13-41
25            android:configChanges="orientation|keyboardHidden|keyboard|screenSize|smallestScreenSize|locale|layoutDirection|fontScale|screenLayout|density|uiMode"
25-->src/main/AndroidManifest.xml:10:13-163
26            android:hardwareAccelerated="true"
26-->src/main/AndroidManifest.xml:11:13-47
27            android:launchMode="singleTop"
27-->src/main/AndroidManifest.xml:8:13-43
28            android:theme="@style/LaunchTheme"
28-->src/main/AndroidManifest.xml:9:13-47
29            android:windowSoftInputMode="adjustResize" >
29-->src/main/AndroidManifest.xml:12:13-55
30
31            <!--
32                 Specifies an Android theme to apply to this Activity as soon as
33                 the Android process has started. This theme is visible to the user
34                 while the Flutter UI initializes. After that, this theme continues
35                 to determine the Window background behind the Flutter UI.
36            -->
37            <meta-data
37-->src/main/AndroidManifest.xml:17:13-20:17
38                android:name="io.flutter.embedding.android.NormalTheme"
38-->src/main/AndroidManifest.xml:18:15-70
39                android:resource="@style/NormalTheme" />
39-->src/main/AndroidManifest.xml:19:15-52
40            <!--
41                 Displays an Android View that continues showing the launch screen
42                 Drawable until Flutter paints its first frame, then this splash
43                 screen fades out. A splash screen is useful to avoid any visual
44                 gap between the end of Android's launch screen and the painting of
45                 Flutter's first frame.
46            -->
47            <meta-data
47-->src/main/AndroidManifest.xml:26:13-29:17
48                android:name="io.flutter.embedding.android.SplashScreenDrawable"
48-->src/main/AndroidManifest.xml:27:15-79
49                android:resource="@drawable/launch_background" />
49-->src/main/AndroidManifest.xml:28:15-61
50
51            <intent-filter>
51-->src/main/AndroidManifest.xml:30:13-33:29
52                <action android:name="android.intent.action.MAIN" />
52-->src/main/AndroidManifest.xml:31:17-68
52-->src/main/AndroidManifest.xml:31:25-66
53
54                <category android:name="android.intent.category.LAUNCHER" />
54-->src/main/AndroidManifest.xml:32:17-76
54-->src/main/AndroidManifest.xml:32:27-74
55            </intent-filter>
56        </activity>
57        <!--
58             Don't delete the meta-data below.
59             This is used by the Flutter tool to generate GeneratedPluginRegistrant.java
60        -->
61        <meta-data
61-->src/main/AndroidManifest.xml:37:9-39:33
62            android:name="flutterEmbedding"
62-->src/main/AndroidManifest.xml:38:13-44
63            android:value="2" />
63-->src/main/AndroidManifest.xml:39:13-30
64
65        <provider
65-->[:image_picker] AndroidManifest.xml:11:9-19:20
66            android:name="io.flutter.plugins.imagepicker.ImagePickerFileProvider"
66-->[:image_picker] AndroidManifest.xml:12:13-82
67            android:authorities="com.example.hostel_admin.flutter.image_provider"
67-->[:image_picker] AndroidManifest.xml:13:13-74
68            android:exported="false"
68-->[:image_picker] AndroidManifest.xml:14:13-37
69            android:grantUriPermissions="true" >
69-->[:image_picker] AndroidManifest.xml:15:13-47
70            <meta-data
70-->[:image_picker] AndroidManifest.xml:16:13-18:75
71                android:name="android.support.FILE_PROVIDER_PATHS"
71-->[:image_picker] AndroidManifest.xml:17:17-67
72                android:resource="@xml/flutter_image_picker_file_paths" />
72-->[:image_picker] AndroidManifest.xml:18:17-72
73        </provider>
74
75        <activity
75-->[:url_launcher] AndroidManifest.xml:8:9-11:74
76            android:name="io.flutter.plugins.urllauncher.WebViewActivity"
76-->[:url_launcher] AndroidManifest.xml:9:13-74
77            android:exported="false"
77-->[:url_launcher] AndroidManifest.xml:10:13-37
78            android:theme="@android:style/Theme.NoTitleBar.Fullscreen" />
78-->[:url_launcher] AndroidManifest.xml:11:13-71
79        <activity
79-->[:razorpay_flutter] AndroidManifest.xml:8:9-11:20
80            android:name="com.razorpay.CheckoutActivity"
80-->[:razorpay_flutter] AndroidManifest.xml:9:13-57
81            android:configChanges="keyboard|keyboardHidden|orientation|screenSize"
81-->[com.razorpay:checkout:1.6.10] AndroidManifest.xml:20:13-83
82            android:label="Razorpay Checkout"
82-->[:razorpay_flutter] AndroidManifest.xml:10:13-46
83            android:theme="@style/CheckoutTheme" >
83-->[com.razorpay:checkout:1.6.10] AndroidManifest.xml:21:13-49
84            <intent-filter>
84-->[com.razorpay:checkout:1.6.10] AndroidManifest.xml:22:13-28:29
85                <action android:name="android.intent.action.MAIN" />
85-->src/main/AndroidManifest.xml:31:17-68
85-->src/main/AndroidManifest.xml:31:25-66
86
87                <data
87-->[com.razorpay:checkout:1.6.10] AndroidManifest.xml:25:17-27:47
88                    android:host="rzp.io"
88-->[com.razorpay:checkout:1.6.10] AndroidManifest.xml:26:21-42
89                    android:scheme="io.rzp" />
89-->[com.razorpay:checkout:1.6.10] AndroidManifest.xml:27:21-44
90            </intent-filter>
91        </activity>
92
93        <receiver android:name="com.razorpay.RzpTokenReceiver" >
93-->[com.razorpay:checkout:1.6.10] AndroidManifest.xml:12:9-16:20
93-->[com.razorpay:checkout:1.6.10] AndroidManifest.xml:12:19-63
94            <intent-filter>
94-->[com.razorpay:checkout:1.6.10] AndroidManifest.xml:13:13-15:29
95                <action android:name="rzp.device_token.share" />
95-->[com.razorpay:checkout:1.6.10] AndroidManifest.xml:14:17-65
95-->[com.razorpay:checkout:1.6.10] AndroidManifest.xml:14:25-62
96            </intent-filter>
97        </receiver>
98
99        <activity
99-->[com.google.android.gms:play-services-auth:17.0.0] AndroidManifest.xml:23:9-27:75
100            android:name="com.google.android.gms.auth.api.signin.internal.SignInHubActivity"
100-->[com.google.android.gms:play-services-auth:17.0.0] AndroidManifest.xml:24:13-93
101            android:excludeFromRecents="true"
101-->[com.google.android.gms:play-services-auth:17.0.0] AndroidManifest.xml:25:13-46
102            android:exported="false"
102-->[com.google.android.gms:play-services-auth:17.0.0] AndroidManifest.xml:26:13-37
103            android:theme="@android:style/Theme.Translucent.NoTitleBar" />
103-->[com.google.android.gms:play-services-auth:17.0.0] AndroidManifest.xml:27:13-72
104        <!--
105            Service handling Google Sign-In user revocation. For apps that do not integrate with
106            Google Sign-In, this service will never be started.
107        -->
108        <service
108-->[com.google.android.gms:play-services-auth:17.0.0] AndroidManifest.xml:33:9-36:110
109            android:name="com.google.android.gms.auth.api.signin.RevocationBoundService"
109-->[com.google.android.gms:play-services-auth:17.0.0] AndroidManifest.xml:34:13-89
110            android:exported="true"
110-->[com.google.android.gms:play-services-auth:17.0.0] AndroidManifest.xml:35:13-36
111            android:permission="com.google.android.gms.auth.api.signin.permission.REVOCATION_NOTIFICATION" />
111-->[com.google.android.gms:play-services-auth:17.0.0] AndroidManifest.xml:36:13-107
112
113        <activity
113-->[com.google.android.gms:play-services-base:17.0.0] AndroidManifest.xml:23:9-26:75
114            android:name="com.google.android.gms.common.api.GoogleApiActivity"
114-->[com.google.android.gms:play-services-base:17.0.0] AndroidManifest.xml:24:13-79
115            android:exported="false"
115-->[com.google.android.gms:play-services-base:17.0.0] AndroidManifest.xml:25:13-37
116            android:theme="@android:style/Theme.Translucent.NoTitleBar" />
116-->[com.google.android.gms:play-services-base:17.0.0] AndroidManifest.xml:26:13-72
117
118        <meta-data
118-->[com.google.android.gms:play-services-basement:17.0.0] AndroidManifest.xml:23:9-25:69
119            android:name="com.google.android.gms.version"
119-->[com.google.android.gms:play-services-basement:17.0.0] AndroidManifest.xml:24:13-58
120            android:value="@integer/google_play_services_version" />
120-->[com.google.android.gms:play-services-basement:17.0.0] AndroidManifest.xml:25:13-66
121    </application>
122
123</manifest>